{
  "RSpec": {
    "coverage": {
      "/Users/notmarkmiranda/turing/3module/projects/passport-helper/app/helpers/application_helper.rb": [
        1,
        null
      ],
      "/Users/notmarkmiranda/turing/3module/projects/passport-helper/app/models/user.rb": [
        1,
        1,
        0,
        0,
        0,
        0,
        0,
        0,
        0,
        null,
        null
      ],
      "/Users/notmarkmiranda/turing/3module/projects/passport-helper/app/controllers/application_controller.rb": [
        0,
        0,
        0,
        0,
        0,
        0,
        0,
        0,
        0,
        0,
        0,
        0
      ],
      "/Users/notmarkmiranda/turing/3module/projects/passport-helper/app/controllers/pages_controller.rb": [
        0,
        0,
        0,
        0,
        0
      ],
      "/Users/notmarkmiranda/turing/3module/projects/passport-helper/app/controllers/sessions_controller.rb": [
        0,
        0,
        0,
        0,
        0,
        0,
        0,
        0,
        0,
        0,
        0,
        0,
        0,
        0,
        0,
        0,
        0,
        0,
        0,
        0
      ]
    },
    "timestamp": 1464322933
  }
}
